This file contains any messages produced by compilers while
running configure, to aid debugging if configure makes a mistake.

It was created by pengupop configure 2.2.5, which was
generated by GNU Autoconf 2.61.  Invocation command line was

  $ ./configure 

## --------- ##
## Platform. ##
## --------- ##

hostname = maemo-desktop
uname -m = arm
uname -r = 2.6.32-24-generic
uname -s = Linux
uname -v = #43-Ubuntu SMP Thu Sep 16 14:17:33 UTC 2010

/usr/bin/uname -p = unknown
/bin/uname -X     = unknown

/bin/arch              = arm
/usr/bin/arch -k       = arm
/usr/convex/getsysinfo = unknown
/usr/bin/hostinfo      = unknown
/bin/machine           = unknown
/usr/bin/oslevel       = unknown
/bin/universe          = unknown

PATH: /host_usr/bin
PATH: /scratchbox/devkits/git/bin
PATH: /scratchbox/devkits/svn/bin
PATH: /scratchbox/devkits/doctools/bin
PATH: /scratchbox/devkits/qemu/bin
PATH: /scratchbox/devkits/debian-etch/bin
PATH: /scratchbox/devkits/perl/bin
PATH: /scratchbox/tools/bin
PATH: /targets/links/arch_tools/bin
PATH: /scratchbox/compilers/bin
PATH: /bin
PATH: /usr/bin
PATH: /usr/local/bin
PATH: /usr/X11R6/bin
PATH: /sbin
PATH: /usr/sbin


## ----------- ##
## Core tests. ##
## ----------- ##

configure:1750: checking for a BSD-compatible install
configure:1806: result: /scratchbox/tools/bin/install -c
configure:1817: checking whether build environment is sane
configure:1860: result: yes
configure:1884: WARNING: `missing' script is too old or missing
configure:1925: checking for gawk
configure:1941: found /scratchbox/tools/bin/gawk
configure:1952: result: gawk
configure:1963: checking whether make sets $(MAKE)
configure:1984: result: yes
configure:2169: checking whether to enable maintainer-specific portions of Makefiles
configure:2178: result: no
configure:2242: checking for gcc
configure:2258: found /scratchbox/compilers/bin/gcc
configure:2269: result: gcc
configure:2507: checking for C compiler version
configure:2514: gcc --version >&5
sbox-arm-none-linux-gnueabi-gcc (GCC) 4.2.1
Copyright (C) 2007 Free Software Foundation, Inc.
This is free software; see the source for copying conditions.  There is NO
warranty; not even for MERCHANTABILITY or FITNESS FOR A PARTICULAR PURPOSE.

configure:2517: $? = 0
configure:2524: gcc -v >&5
Using built-in specs.
Reading specs from /scratchbox/compilers/cs2007q3-glibc2.5-arm7/gcc.specs
rename spec cpp to old_cpp
rename spec cc1 to old_cc1
rename spec link to old_link
rename spec mflib to old_mflib
Target: arm-none-linux-gnueabi
Configured with: /home/jhakala/cs2007q3-sb7/arm/src/gcc-4.2/configure --build=i686-pc-linux-gnu --host=i686-pc-linux-gnu --target=arm-none-linux-gnueabi --enable-threads --disable-libmudflap --disable-libssp --disable-libgomp --disable-libstdcxx-pch --with-gnu-as --with-gnu-ld --enable-languages=c,c++ --enable-shared --enable-symvers=gnu --enable-__cxa_atexit --disable-nls --prefix=/opt/maemo --with-sysroot=/opt/maemo/arm-none-linux-gnueabi/libc --with-build-sysroot=/home/jhakala/cs2007q3-sb7/arm/install/arm-none-linux-gnueabi/libc --with-build-time-tools=/home/jhakala/cs2007q3-sb7/arm/install/arm-none-linux-gnueabi/bin
Thread model: posix
gcc version 4.2.1
configure:2527: $? = 0
configure:2534: gcc -V >&5
sbox-arm-none-linux-gnueabi-gcc: '-V' must come at the start of the command line
configure:2537: $? = 1
configure:2560: checking for C compiler default output file name
configure:2587: gcc    conftest.c  >&5
configure:2590: $? = 0
configure:2628: result: a.out
configure:2645: checking whether the C compiler works
configure:2655: ./a.out
configure:2658: $? = 0
configure:2675: result: yes
configure:2682: checking whether we are cross compiling
configure:2684: result: no
configure:2687: checking for suffix of executables
configure:2694: gcc -o conftest    conftest.c  >&5
configure:2697: $? = 0
configure:2721: result: 
configure:2727: checking for suffix of object files
configure:2753: gcc -c   conftest.c >&5
configure:2756: $? = 0
configure:2779: result: o
configure:2783: checking whether we are using the GNU C compiler
configure:2812: gcc -c   conftest.c >&5
configure:2818: $? = 0
configure:2835: result: yes
configure:2840: checking whether gcc accepts -g
configure:2870: gcc -c -g  conftest.c >&5
configure:2876: $? = 0
configure:2975: result: yes
configure:2992: checking for gcc option to accept ISO C89
configure:3066: gcc  -c -g -O2  conftest.c >&5
configure:3072: $? = 0
configure:3095: result: none needed
configure:3124: checking for style of include used by make
configure:3152: result: GNU
configure:3180: checking dependency style of gcc
configure:3270: result: gcc3
configure:3300: checking for a BSD-compatible install
configure:3356: result: /scratchbox/tools/bin/install -c
configure:3367: checking whether make sets $(MAKE)
configure:3388: result: yes
configure:3404: checking build system type
configure:3422: result: arm-unknown-linux-gnu
configure:3444: checking host system type
configure:3459: result: arm-unknown-linux-gnu
configure:3715: creating ./config.status

## ---------------------- ##
## Running config.status. ##
## ---------------------- ##

This file was extended by pengupop config.status 2.2.5, which was
generated by GNU Autoconf 2.61.  Invocation command line was

  CONFIG_FILES    = 
  CONFIG_HEADERS  = 
  CONFIG_LINKS    = 
  CONFIG_COMMANDS = 
  $ ./config.status 

on maemo-desktop

config.status:631: creating Makefile
config.status:816: executing depfiles commands

## ---------------- ##
## Cache variables. ##
## ---------------- ##

ac_cv_build=arm-unknown-linux-gnu
ac_cv_c_compiler_gnu=yes
ac_cv_env_CC_set=
ac_cv_env_CC_value=
ac_cv_env_CFLAGS_set=
ac_cv_env_CFLAGS_value=
ac_cv_env_CPPFLAGS_set=
ac_cv_env_CPPFLAGS_value=
ac_cv_env_LDFLAGS_set=
ac_cv_env_LDFLAGS_value=
ac_cv_env_LIBS_set=
ac_cv_env_LIBS_value=
ac_cv_env_build_alias_set=
ac_cv_env_build_alias_value=
ac_cv_env_host_alias_set=
ac_cv_env_host_alias_value=
ac_cv_env_target_alias_set=
ac_cv_env_target_alias_value=
ac_cv_host=arm-unknown-linux-gnu
ac_cv_objext=o
ac_cv_path_install='/scratchbox/tools/bin/install -c'
ac_cv_prog_AWK=gawk
ac_cv_prog_ac_ct_CC=gcc
ac_cv_prog_cc_c89=
ac_cv_prog_cc_g=yes
ac_cv_prog_make_make_set=yes
am_cv_CC_dependencies_compiler_type=gcc3

## ----------------- ##
## Output variables. ##
## ----------------- ##

ACLOCAL='aclocal-1.9'
AMDEPBACKSLASH='\'
AMDEP_FALSE='#'
AMDEP_TRUE=''
AMTAR='tar'
ARCHFLAGS='-DLINUX=1'
AUTOCONF='autoconf'
AUTOHEADER='autoheader'
AUTOMAKE='automake-1.9'
AWK='gawk'
CC='gcc'
CCDEPMODE='depmode=gcc3'
CFLAGS='-g -O2'
CPPFLAGS=''
CYGPATH_W='echo'
DARWIN_FALSE=''
DARWIN_TRUE='#'
DEFS='-DPACKAGE_NAME=\"pengupop\" -DPACKAGE_TARNAME=\"pengupop\" -DPACKAGE_VERSION=\"2.2.5\" -DPACKAGE_STRING=\"pengupop\ 2.2.5\" -DPACKAGE_BUGREPORT=\"\" -DPACKAGE=\"pengupop\" -DVERSION=\"2.2.5\"'
DEPDIR='.deps'
ECHO_C=''
ECHO_N='-n'
ECHO_T=''
EXEEXT=''
INSTALL_DATA='${INSTALL} -m 644'
INSTALL_PROGRAM='${INSTALL}'
INSTALL_SCRIPT='${INSTALL}'
INSTALL_STRIP_PROGRAM='${SHELL} $(install_sh) -c -s'
LDFLAGS=''
LIBOBJS=''
LIBS=''
LINUX_FALSE='#'
LINUX_TRUE=''
LTLIBOBJS=''
MAINT='#'
MAINTAINER_MODE_FALSE=''
MAINTAINER_MODE_TRUE='#'
MAKEINFO='makeinfo'
OBJEXT='o'
PACKAGE='pengupop'
PACKAGE_BUGREPORT=''
PACKAGE_NAME='pengupop'
PACKAGE_STRING='pengupop 2.2.5'
PACKAGE_TARNAME='pengupop'
PACKAGE_VERSION='2.2.5'
PATH_SEPARATOR=':'
SET_MAKE=''
SHELL='/bin/sh'
STRIP=''
VERSION='2.2.5'
WIN32_FALSE=''
WIN32_TRUE='#'
ac_ct_CC='gcc'
am__fastdepCC_FALSE='#'
am__fastdepCC_TRUE=''
am__include='include'
am__leading_dot='.'
am__quote=''
am__tar='${AMTAR} chof - "$$tardir"'
am__untar='${AMTAR} xf -'
bindir='${exec_prefix}/bin'
build='arm-unknown-linux-gnu'
build_alias=''
build_cpu='arm'
build_os='linux-gnu'
build_vendor='unknown'
datadir='${datarootdir}'
datarootdir='${prefix}/share'
docdir='${datarootdir}/doc/${PACKAGE_TARNAME}'
dvidir='${docdir}'
exec_prefix='${prefix}'
host='arm-unknown-linux-gnu'
host_alias=''
host_cpu='arm'
host_os='linux-gnu'
host_vendor='unknown'
htmldir='${docdir}'
includedir='${prefix}/include'
infodir='${datarootdir}/info'
install_sh='/home/maemo/pengupop-maemo5/install-sh'
libdir='${exec_prefix}/lib'
libexecdir='${exec_prefix}/libexec'
localedir='${datarootdir}/locale'
localstatedir='${prefix}/var'
mandir='${datarootdir}/man'
mkdir_p='mkdir -p --'
oldincludedir='/usr/include'
pdfdir='${docdir}'
prefix='/usr/local'
program_transform_name='s,x,x,'
psdir='${docdir}'
sbindir='${exec_prefix}/sbin'
sharedstatedir='${prefix}/com'
sysconfdir='${prefix}/etc'
target_alias=''

## ----------- ##
## confdefs.h. ##
## ----------- ##

#define PACKAGE_NAME "pengupop"
#define PACKAGE_TARNAME "pengupop"
#define PACKAGE_VERSION "2.2.5"
#define PACKAGE_STRING "pengupop 2.2.5"
#define PACKAGE_BUGREPORT ""
#define PACKAGE "pengupop"
#define VERSION "2.2.5"

configure: exit 0
